c:\users\tombow\documents\github\arilab\urg_library\vs2017\cpp\winapiplusurg\x64\debug\vc143.pdb
c:\users\tombow\documents\github\arilab\urg_library\vs2017\cpp\winapiplusurg\x64\debug\vc143.idb
c:\users\tombow\documents\github\arilab\urg_library\vs2017\cpp\winapiplusurg\x64\debug\winapiplusurg.nativecodeanalysis.sarif
c:\users\tombow\documents\github\arilab\urg_library\vs2017\cpp\winapiplusurg\x64\debug\winapiplusurg.nativecodeanalysis.xml
c:\users\tombow\documents\github\arilab\urg_library\vs2017\cpp\winapiplusurg\x64\debug\urg_driver.nativecodeanalysis.sarif
c:\users\tombow\documents\github\arilab\urg_library\vs2017\cpp\winapiplusurg\x64\debug\urg_driver.nativecodeanalysis.xml
c:\users\tombow\documents\github\arilab\urg_library\vs2017\cpp\winapiplusurg\x64\debug\connection_information.nativecodeanalysis.sarif
c:\users\tombow\documents\github\arilab\urg_library\vs2017\cpp\winapiplusurg\x64\debug\connection_information.nativecodeanalysis.xml
c:\users\tombow\documents\github\arilab\urg_library\vs2017\cpp\winapiplusurg\x64\debug\connection_information.obj
c:\users\tombow\documents\github\arilab\urg_library\vs2017\cpp\winapiplusurg\x64\debug\urg_driver.obj
c:\users\tombow\documents\github\arilab\urg_library\vs2017\cpp\winapiplusurg\x64\debug\winapiplusurg.obj
c:\users\tombow\documents\github\arilab\urg_library\vs2017\cpp\winapiplusurg\x64\debug\urg_tcpclient.nativecodeanalysis.sarif
c:\users\tombow\documents\github\arilab\urg_library\vs2017\cpp\winapiplusurg\x64\debug\urg_tcpclient.nativecodeanalysis.xml
c:\users\tombow\documents\github\arilab\urg_library\vs2017\cpp\winapiplusurg\x64\debug\urg_tcpclient.obj
c:\users\tombow\documents\github\arilab\urg_library\vs2017\cpp\winapiplusurg\x64\debug\winapiplusurg.res
c:\users\tombow\documents\github\arilab\urg_library\vs2017\cpp\x64\debug\winapiplusurg.pdb
c:\users\tombow\documents\github\arilab\urg_library\vs2017\cpp\winapiplusurg\x64\debug\winapiplusurg.tlog\cl.command.1.tlog
c:\users\tombow\documents\github\arilab\urg_library\vs2017\cpp\winapiplusurg\x64\debug\winapiplusurg.tlog\cl.read.1.tlog
c:\users\tombow\documents\github\arilab\urg_library\vs2017\cpp\winapiplusurg\x64\debug\winapiplusurg.tlog\cl.write.1.tlog
c:\users\tombow\documents\github\arilab\urg_library\vs2017\cpp\winapiplusurg\x64\debug\winapiplusurg.tlog\link-cvtres.read.1.tlog
c:\users\tombow\documents\github\arilab\urg_library\vs2017\cpp\winapiplusurg\x64\debug\winapiplusurg.tlog\link-cvtres.write.1.tlog
c:\users\tombow\documents\github\arilab\urg_library\vs2017\cpp\winapiplusurg\x64\debug\winapiplusurg.tlog\link-rc.read.1.tlog
c:\users\tombow\documents\github\arilab\urg_library\vs2017\cpp\winapiplusurg\x64\debug\winapiplusurg.tlog\link-rc.write.1.tlog
c:\users\tombow\documents\github\arilab\urg_library\vs2017\cpp\winapiplusurg\x64\debug\winapiplusurg.tlog\link.command.1.tlog
c:\users\tombow\documents\github\arilab\urg_library\vs2017\cpp\winapiplusurg\x64\debug\winapiplusurg.tlog\link.read.1.tlog
c:\users\tombow\documents\github\arilab\urg_library\vs2017\cpp\winapiplusurg\x64\debug\winapiplusurg.tlog\link.read.2.tlog
c:\users\tombow\documents\github\arilab\urg_library\vs2017\cpp\winapiplusurg\x64\debug\winapiplusurg.tlog\link.write.1.tlog
c:\users\tombow\documents\github\arilab\urg_library\vs2017\cpp\winapiplusurg\x64\debug\winapiplusurg.tlog\rc.command.1.tlog
c:\users\tombow\documents\github\arilab\urg_library\vs2017\cpp\winapiplusurg\x64\debug\winapiplusurg.tlog\rc.read.1.tlog
c:\users\tombow\documents\github\arilab\urg_library\vs2017\cpp\winapiplusurg\x64\debug\winapiplusurg.tlog\rc.write.1.tlog
